<?xml version="1.0" encoding="UTF-8"?>
<testsuite xmlns:xsi="http://www.w3.org/2001/XMLSchema-instance" xsi:noNamespaceSchemaLocation="https://maven.apache.org/surefire/maven-surefire-plugin/xsd/surefire-test-report.xsd" name="ch.heigvd.poo.labo5.tests.ProgramTest" time="0.015" tests="5" errors="0" skipped="0" failures="0">
  <properties>
[...]
</properties>
  <testcase name="checkConstructionExceptions" classname="ch.heigvd.poo.labo5.tests.ProgramTest" time="0.01"/>
  <testcase name="emptyMatrixOperations" classname="ch.heigvd.poo.labo5.tests.ProgramTest" time="0"/>
  <testcase name="operationWithDifferentModulus" classname="ch.heigvd.poo.labo5.tests.ProgramTest" time="0"/>
  <testcase name="givenExampleTest" classname="ch.heigvd.poo.labo5.tests.ProgramTest" time="0.001"/>
  <testcase name="OperationWithEmptyMatrix" classname="ch.heigvd.poo.labo5.tests.ProgramTest" time="0"/>
</testsuite>